0    [XML-RPC-0] ERROR org.apache.xmlrpc.server.XmlRpcErrorLogger - Failed to invoke method execute in class com.nantic.jasperreports.JasperServer: Unknown column name : ean13
org.apache.xmlrpc.common.XmlRpcInvocationException: Failed to invoke method execute in class com.nantic.jasperreports.JasperServer: Unknown column name : ean13
	at org.apache.xmlrpc.server.ReflectiveXmlRpcHandler.invoke(ReflectiveXmlRpcHandler.java:129)
	at org.apache.xmlrpc.server.ReflectiveXmlRpcHandler.execute(ReflectiveXmlRpcHandler.java:106)
	at org.apache.xmlrpc.server.XmlRpcServerWorker.execute(XmlRpcServerWorker.java:46)
	at org.apache.xmlrpc.server.XmlRpcServer.execute(XmlRpcServer.java:86)
	at org.apache.xmlrpc.server.XmlRpcStreamServer.execute(XmlRpcStreamServer.java:200)
	at org.apache.xmlrpc.webserver.Connection.run(Connection.java:208)
	at org.apache.xmlrpc.util.ThreadPool$Poolable$1.run(ThreadPool.java:68)
Caused by: net.sf.jasperreports.engine.JRException: Unknown column name : ean13
	at net.sf.jasperreports.engine.JRResultSetDataSource.getColumnIndex(JRResultSetDataSource.java:355)
	at net.sf.jasperreports.engine.JRResultSetDataSource.getFieldValue(JRResultSetDataSource.java:112)
	at net.sf.jasperreports.engine.fill.JRFillDataset.setOldValues(JRFillDataset.java:821)
	at net.sf.jasperreports.engine.fill.JRFillDataset.next(JRFillDataset.java:785)
	at net.sf.jasperreports.engine.fill.JRBaseFiller.next(JRBaseFiller.java:1482)
	at net.sf.jasperreports.engine.fill.JRVerticalFiller.fillReport(JRVerticalFiller.java:126)
	at net.sf.jasperreports.engine.fill.JRBaseFiller.fill(JRBaseFiller.java:946)
	at net.sf.jasperreports.engine.fill.JRBaseFiller.fill(JRBaseFiller.java:845)
	at net.sf.jasperreports.engine.fill.JRFiller.fillReport(JRFiller.java:58)
	at net.sf.jasperreports.engine.JasperFillManager.fillReport(JasperFillManager.java:417)
	at com.nantic.jasperreports.JasperServer.privateExecute(JasperServer.java:222)
	at com.nantic.jasperreports.JasperServer.execute(JasperServer.java:121)
	at sun.reflect.NativeMethodAccessorImpl.invoke0(Native Method)
	at sun.reflect.NativeMethodAccessorImpl.invoke(NativeMethodAccessorImpl.java:57)
	at sun.reflect.DelegatingMethodAccessorImpl.invoke(DelegatingMethodAccessorImpl.java:43)
	at java.lang.reflect.Method.invoke(Method.java:606)
	at org.apache.xmlrpc.server.ReflectiveXmlRpcHandler.invoke(ReflectiveXmlRpcHandler.java:115)
	... 6 more
Caused by:
net.sf.jasperreports.engine.JRException: Unknown column name : ean13
	at net.sf.jasperreports.engine.JRResultSetDataSource.getColumnIndex(JRResultSetDataSource.java:355)
	at net.sf.jasperreports.engine.JRResultSetDataSource.getFieldValue(JRResultSetDataSource.java:112)
	at net.sf.jasperreports.engine.fill.JRFillDataset.setOldValues(JRFillDataset.java:821)
	at net.sf.jasperreports.engine.fill.JRFillDataset.next(JRFillDataset.java:785)
	at net.sf.jasperreports.engine.fill.JRBaseFiller.next(JRBaseFiller.java:1482)
	at net.sf.jasperreports.engine.fill.JRVerticalFiller.fillReport(JRVerticalFiller.java:126)
	at net.sf.jasperreports.engine.fill.JRBaseFiller.fill(JRBaseFiller.java:946)
	at net.sf.jasperreports.engine.fill.JRBaseFiller.fill(JRBaseFiller.java:845)
	at net.sf.jasperreports.engine.fill.JRFiller.fillReport(JRFiller.java:58)
	at net.sf.jasperreports.engine.JasperFillManager.fillReport(JasperFillManager.java:417)
	at com.nantic.jasperreports.JasperServer.privateExecute(JasperServer.java:222)
	at com.nantic.jasperreports.JasperServer.execute(JasperServer.java:121)
	at sun.reflect.NativeMethodAccessorImpl.invoke0(Native Method)
	at sun.reflect.NativeMethodAccessorImpl.invoke(NativeMethodAccessorImpl.java:57)
	at sun.reflect.DelegatingMethodAccessorImpl.invoke(DelegatingMethodAccessorImpl.java:43)
	at java.lang.reflect.Method.invoke(Method.java:606)
	at org.apache.xmlrpc.server.ReflectiveXmlRpcHandler.invoke(ReflectiveXmlRpcHandler.java:115)
	at org.apache.xmlrpc.server.ReflectiveXmlRpcHandler.execute(ReflectiveXmlRpcHandler.java:106)
	at org.apache.xmlrpc.server.XmlRpcServerWorker.execute(XmlRpcServerWorker.java:46)
	at org.apache.xmlrpc.server.XmlRpcServer.execute(XmlRpcServer.java:86)
	at org.apache.xmlrpc.server.XmlRpcStreamServer.execute(XmlRpcStreamServer.java:200)
	at org.apache.xmlrpc.webserver.Connection.run(Connection.java:208)
	at org.apache.xmlrpc.util.ThreadPool$Poolable$1.run(ThreadPool.java:68)
0    [XML-RPC-0] ERROR org.apache.xmlrpc.server.XmlRpcErrorLogger - Failed to invoke method execute in class com.nantic.jasperreports.JasperServer: Unknown column name : ean13
org.apache.xmlrpc.common.XmlRpcInvocationException: Failed to invoke method execute in class com.nantic.jasperreports.JasperServer: Unknown column name : ean13
	at org.apache.xmlrpc.server.ReflectiveXmlRpcHandler.invoke(ReflectiveXmlRpcHandler.java:129)
	at org.apache.xmlrpc.server.ReflectiveXmlRpcHandler.execute(ReflectiveXmlRpcHandler.java:106)
	at org.apache.xmlrpc.server.XmlRpcServerWorker.execute(XmlRpcServerWorker.java:46)
	at org.apache.xmlrpc.server.XmlRpcServer.execute(XmlRpcServer.java:86)
	at org.apache.xmlrpc.server.XmlRpcStreamServer.execute(XmlRpcStreamServer.java:200)
	at org.apache.xmlrpc.webserver.Connection.run(Connection.java:208)
	at org.apache.xmlrpc.util.ThreadPool$Poolable$1.run(ThreadPool.java:68)
Caused by: net.sf.jasperreports.engine.JRException: Unknown column name : ean13
	at net.sf.jasperreports.engine.JRResultSetDataSource.getColumnIndex(JRResultSetDataSource.java:355)
	at net.sf.jasperreports.engine.JRResultSetDataSource.getFieldValue(JRResultSetDataSource.java:112)
	at net.sf.jasperreports.engine.fill.JRFillDataset.setOldValues(JRFillDataset.java:821)
	at net.sf.jasperreports.engine.fill.JRFillDataset.next(JRFillDataset.java:785)
	at net.sf.jasperreports.engine.fill.JRBaseFiller.next(JRBaseFiller.java:1482)
	at net.sf.jasperreports.engine.fill.JRVerticalFiller.fillReport(JRVerticalFiller.java:126)
	at net.sf.jasperreports.engine.fill.JRBaseFiller.fill(JRBaseFiller.java:946)
	at net.sf.jasperreports.engine.fill.JRBaseFiller.fill(JRBaseFiller.java:845)
	at net.sf.jasperreports.engine.fill.JRFiller.fillReport(JRFiller.java:58)
	at net.sf.jasperreports.engine.JasperFillManager.fillReport(JasperFillManager.java:417)
	at com.nantic.jasperreports.JasperServer.privateExecute(JasperServer.java:222)
	at com.nantic.jasperreports.JasperServer.execute(JasperServer.java:121)
	at sun.reflect.NativeMethodAccessorImpl.invoke0(Native Method)
	at sun.reflect.NativeMethodAccessorImpl.invoke(NativeMethodAccessorImpl.java:57)
	at sun.reflect.DelegatingMethodAccessorImpl.invoke(DelegatingMethodAccessorImpl.java:43)
	at java.lang.reflect.Method.invoke(Method.java:606)
	at org.apache.xmlrpc.server.ReflectiveXmlRpcHandler.invoke(ReflectiveXmlRpcHandler.java:115)
	... 6 more
Caused by:
net.sf.jasperreports.engine.JRException: Unknown column name : ean13
	at net.sf.jasperreports.engine.JRResultSetDataSource.getColumnIndex(JRResultSetDataSource.java:355)
	at net.sf.jasperreports.engine.JRResultSetDataSource.getFieldValue(JRResultSetDataSource.java:112)
	at net.sf.jasperreports.engine.fill.JRFillDataset.setOldValues(JRFillDataset.java:821)
	at net.sf.jasperreports.engine.fill.JRFillDataset.next(JRFillDataset.java:785)
	at net.sf.jasperreports.engine.fill.JRBaseFiller.next(JRBaseFiller.java:1482)
	at net.sf.jasperreports.engine.fill.JRVerticalFiller.fillReport(JRVerticalFiller.java:126)
	at net.sf.jasperreports.engine.fill.JRBaseFiller.fill(JRBaseFiller.java:946)
	at net.sf.jasperreports.engine.fill.JRBaseFiller.fill(JRBaseFiller.java:845)
	at net.sf.jasperreports.engine.fill.JRFiller.fillReport(JRFiller.java:58)
	at net.sf.jasperreports.engine.JasperFillManager.fillReport(JasperFillManager.java:417)
	at com.nantic.jasperreports.JasperServer.privateExecute(JasperServer.java:222)
	at com.nantic.jasperreports.JasperServer.execute(JasperServer.java:121)
	at sun.reflect.NativeMethodAccessorImpl.invoke0(Native Method)
	at sun.reflect.NativeMethodAccessorImpl.invoke(NativeMethodAccessorImpl.java:57)
	at sun.reflect.DelegatingMethodAccessorImpl.invoke(DelegatingMethodAccessorImpl.java:43)
	at java.lang.reflect.Method.invoke(Method.java:606)
	at org.apache.xmlrpc.server.ReflectiveXmlRpcHandler.invoke(ReflectiveXmlRpcHandler.java:115)
	at org.apache.xmlrpc.server.ReflectiveXmlRpcHandler.execute(ReflectiveXmlRpcHandler.java:106)
	at org.apache.xmlrpc.server.XmlRpcServerWorker.execute(XmlRpcServerWorker.java:46)
	at org.apache.xmlrpc.server.XmlRpcServer.execute(XmlRpcServer.java:86)
	at org.apache.xmlrpc.server.XmlRpcStreamServer.execute(XmlRpcStreamServer.java:200)
	at org.apache.xmlrpc.webserver.Connection.run(Connection.java:208)
	at org.apache.xmlrpc.util.ThreadPool$Poolable$1.run(ThreadPool.java:68)
